<?xml version="1.0" encoding="UTF-8"?>
<!-- Generated by org.testng.reporters.JUnitReportReporter -->
<testsuite hostname="6a7d0eef87d0" failures="0" tests="20" name="com.flightreservation.FlightReservationTest" time="42.001" errors="0" timestamp="2024-03-20T21:18:11 GMT" skipped="0">
  <testcase classname="com.flightreservation.FlightReservationTest" name="flightsSearchTest" time="2.229"/>
  <testcase classname="com.flightreservation.FlightReservationTest" name="userRegistrationTest" time="3.687"/>
  <testcase classname="com.flightreservation.FlightReservationTest" name="flightsSearchTest" time="1.709"/>
  <testcase classname="com.flightreservation.FlightReservationTest" name="flightReservationConfirmationTest" time="0.702"/>
  <testcase classname="com.flightreservation.FlightReservationTest" name="registrationConfirmationTest" time="1.462"/>
  <testcase classname="com.flightreservation.FlightReservationTest" name="flightsSearchTest" time="1.534"/>
  <testcase classname="com.flightreservation.FlightReservationTest" name="registrationConfirmationTest" time="2.784"/>
  <testcase classname="com.flightreservation.FlightReservationTest" name="flightsSearchTest" time="3.379"/>
  <testcase classname="com.flightreservation.FlightReservationTest" name="flightReservationConfirmationTest" time="1.244"/>
  <testcase classname="com.flightreservation.FlightReservationTest" name="flightSelectionTest" time="2.793"/>
  <testcase classname="com.flightreservation.FlightReservationTest" name="userRegistrationTest" time="3.511"/>
  <testcase classname="com.flightreservation.FlightReservationTest" name="flightReservationConfirmationTest" time="0.297"/>
  <testcase classname="com.flightreservation.FlightReservationTest" name="flightSelectionTest" time="1.603"/>
  <testcase classname="com.flightreservation.FlightReservationTest" name="registrationConfirmationTest" time="1.612"/>
  <testcase classname="com.flightreservation.FlightReservationTest" name="registrationConfirmationTest" time="1.439"/>
  <testcase classname="com.flightreservation.FlightReservationTest" name="userRegistrationTest" time="3.843"/>
  <testcase classname="com.flightreservation.FlightReservationTest" name="userRegistrationTest" time="3.397"/>
  <testcase classname="com.flightreservation.FlightReservationTest" name="flightSelectionTest" time="2.900"/>
  <testcase classname="com.flightreservation.FlightReservationTest" name="flightSelectionTest" time="1.053"/>
  <testcase classname="com.flightreservation.FlightReservationTest" name="flightReservationConfirmationTest" time="0.823"/>
</testsuite> <!-- com.flightreservation.FlightReservationTest -->
